# JRE version: 7.0_25-b17
# Java VM: Java HotSpot(TM) Client VM (23.25-b01 mixed mode, sharing windows-x86 )
Heap
 def new generation   total 4928K, used 1705K [0x23470000, 0x239c0000, 0x289c0000)
  eden space 4416K,  36% used [0x23470000, 0x236026b0, 0x238c0000)
  from space 512K,  18% used [0x238c0000, 0x238d7eb0, 0x23940000)
  to   space 512K,   0% used [0x23940000, 0x23940000, 0x239c0000)
 tenured generation   total 10944K, used 8347K [0x289c0000, 0x29470000, 0x33470000)
   the space 10944K,  76% used [0x289c0000, 0x291e6c40, 0x291e6e00, 0x29470000)
 compacting perm gen  total 12288K, used 1311K [0x33470000, 0x34070000, 0x37470000)
   the space 12288K,  10% used [0x33470000, 0x335b7ea8, 0x335b8000, 0x34070000)
    ro space 10240K,  45% used [0x37470000, 0x378f9b28, 0x378f9c00, 0x37e70000)
    rw space 12288K,  54% used [0x37e70000, 0x384fd0e8, 0x384fd200, 0x38a70000)
GC Heap History (8 events):
Event: 0.467 GC heap before
{Heap before GC invocations=0 (full 0):
 def new generation   total 4928K, used 2707K [0x23470000, 0x239c0000, 0x289c0000)
  eden space 4416K,  61% used [0x23470000, 0x23714dc0, 0x238c0000)
  from space 512K,   0% used [0x238c0000, 0x238c0000, 0x23940000)
  to   space 512K,   0% used [0x23940000, 0x23940000, 0x239c0000)
 tenured generation   total 10944K, used 0K [0x289c0000, 0x29470000, 0x33470000)
   the space 10944K,   0% used [0x289c0000, 0x289c0000, 0x289c0200, 0x29470000)
 compacting perm gen  total 12288K, used 942K [0x33470000, 0x34070000, 0x37470000)
   the space 12288K,   7% used [0x33470000, 0x3355bba8, 0x3355bc00, 0x34070000)
    ro space 10240K,  45% used [0x37470000, 0x378f9b28, 0x378f9c00, 0x37e70000)
    rw space 12288K,  54% used [0x37e70000, 0x384fd0e8, 0x384fd200, 0x38a70000)
Event: 0.473 GC heap after
Heap after GC invocations=1 (full 0):
 def new generation   total 4928K, used 512K [0x23470000, 0x239c0000, 0x289c0000)
  eden space 4416K,   0% used [0x23470000, 0x23470000, 0x238c0000)
  from space 512K, 100% used [0x23940000, 0x239c0000, 0x239c0000)
  to   space 512K,   0% used [0x238c0000, 0x238c0000, 0x23940000)
 tenured generation   total 10944K, used 885K [0x289c0000, 0x29470000, 0x33470000)
   the space 10944K,   8% used [0x289c0000, 0x28a9d428, 0x28a9d600, 0x29470000)
 compacting perm gen  total 12288K, used 942K [0x33470000, 0x34070000, 0x37470000)
   the space 12288K,   7% used [0x33470000, 0x3355bba8, 0x3355bc00, 0x34070000)
    ro space 10240K,  45% used [0x37470000, 0x378f9b28, 0x378f9c00, 0x37e70000)
    rw space 12288K,  54% used [0x37e70000, 0x384fd0e8, 0x384fd200, 0x38a70000)
}
Event: 0.547 GC heap before
{Heap before GC invocations=1 (full 0):
 def new generation   total 4928K, used 4928K [0x23470000, 0x239c0000, 0x289c0000)
  eden space 4416K, 100% used [0x23470000, 0x238c0000, 0x238c0000)
  from space 512K, 100% used [0x23940000, 0x239c0000, 0x239c0000)
  to   space 512K,   0% used [0x238c0000, 0x238c0000, 0x23940000)
 tenured generation   total 10944K, used 885K [0x289c0000, 0x29470000, 0x33470000)
   the space 10944K,   8% used [0x289c0000, 0x28a9d428, 0x28a9d600, 0x29470000)
 compacting perm gen  total 12288K, used 943K [0x33470000, 0x34070000, 0x37470000)
   the space 12288K,   7% used [0x33470000, 0x3355bc28, 0x3355be00, 0x34070000)
    ro space 10240K,  45% used [0x37470000, 0x378f9b28, 0x378f9c00, 0x37e70000)
    rw space 12288K,  54% used [0x37e70000, 0x384fd0e8, 0x384fd200, 0x38a70000)
Event: 0.552 GC heap after
Heap after GC invocations=2 (full 0):
 def new generation   total 4928K, used 456K [0x23470000, 0x239c0000, 0x289c0000)
  eden space 4416K,   0% used [0x23470000, 0x23470000, 0x238c0000)
  from space 512K,  89% used [0x238c0000, 0x23932090, 0x23940000)
  to   space 512K,   0% used [0x23940000, 0x23940000, 0x239c0000)
 tenured generation   total 10944K, used 3733K [0x289c0000, 0x29470000, 0x33470000)
   the space 10944K,  34% used [0x289c0000, 0x28d656c0, 0x28d65800, 0x29470000)
 compacting perm gen  total 12288K, used 943K [0x33470000, 0x34070000, 0x37470000)
   the space 12288K,   7% used [0x33470000, 0x3355bc28, 0x3355be00, 0x34070000)
    ro space 10240K,  45% used [0x37470000, 0x378f9b28, 0x378f9c00, 0x37e70000)
    rw space 12288K,  54% used [0x37e70000, 0x384fd0e8, 0x384fd200, 0x38a70000)
}
Event: 1.043 GC heap before
{Heap before GC invocations=2 (full 0):
 def new generation   total 4928K, used 4850K [0x23470000, 0x239c0000, 0x289c0000)
  eden space 4416K,  99% used [0x23470000, 0x238ba8e0, 0x238c0000)
  from space 512K,  89% used [0x238c0000, 0x23932090, 0x23940000)
  to   space 512K,   0% used [0x23940000, 0x23940000, 0x239c0000)
 tenured generation   total 10944K, used 3733K [0x289c0000, 0x29470000, 0x33470000)
   the space 10944K,  34% used [0x289c0000, 0x28d656c0, 0x28d65800, 0x29470000)
 compacting perm gen  total 12288K, used 1178K [0x33470000, 0x34070000, 0x37470000)
   the space 12288K,   9% used [0x33470000, 0x33596b18, 0x33596c00, 0x34070000)
    ro space 10240K,  45% used [0x37470000, 0x378f9b28, 0x378f9c00, 0x37e70000)
    rw space 12288K,  54% used [0x37e70000, 0x384fd0e8, 0x384fd200, 0x38a70000)
Event: 1.047 GC heap after
Heap after GC invocations=3 (full 0):
 def new generation   total 4928K, used 420K [0x23470000, 0x239c0000, 0x289c0000)
  eden space 4416K,   0% used [0x23470000, 0x23470000, 0x238c0000)
  from space 512K,  82% used [0x23940000, 0x239a91f8, 0x239c0000)
  to   space 512K,   0% used [0x238c0000, 0x238c0000, 0x23940000)
 tenured generation   total 10944K, used 6589K [0x289c0000, 0x29470000, 0x33470000)
   the space 10944K,  60% used [0x289c0000, 0x2902f690, 0x2902f800, 0x29470000)
 compacting perm gen  total 12288K, used 1178K [0x33470000, 0x34070000, 0x37470000)
   the space 12288K,   9% used [0x33470000, 0x33596b18, 0x33596c00, 0x34070000)
    ro space 10240K,  45% used [0x37470000, 0x378f9b28, 0x378f9c00, 0x37e70000)
    rw space 12288K,  54% used [0x37e70000, 0x384fd0e8, 0x384fd200, 0x38a70000)
}
Event: 3.848 GC heap before
{Heap before GC invocations=3 (full 0):
 def new generation   total 4928K, used 4836K [0x23470000, 0x239c0000, 0x289c0000)
  eden space 4416K, 100% used [0x23470000, 0x238c0000, 0x238c0000)
  from space 512K,  82% used [0x23940000, 0x239a91f8, 0x239c0000)
  to   space 512K,   0% used [0x238c0000, 0x238c0000, 0x23940000)
 tenured generation   total 10944K, used 6589K [0x289c0000, 0x29470000, 0x33470000)
   the space 10944K,  60% used [0x289c0000, 0x2902f690, 0x2902f800, 0x29470000)
 compacting perm gen  total 12288K, used 1304K [0x33470000, 0x34070000, 0x37470000)
   the space 12288K,  10% used [0x33470000, 0x335b60d0, 0x335b6200, 0x34070000)
    ro space 10240K,  45% used [0x37470000, 0x378f9b28, 0x378f9c00, 0x37e70000)
    rw space 12288K,  54% used [0x37e70000, 0x384fd0e8, 0x384fd200, 0x38a70000)
Event: 3.850 GC heap after
Heap after GC invocations=4 (full 0):
 def new generation   total 4928K, used 95K [0x23470000, 0x239c0000, 0x289c0000)
  eden space 4416K,   0% used [0x23470000, 0x23470000, 0x238c0000)
  from space 512K,  18% used [0x238c0000, 0x238d7eb0, 0x23940000)
  to   space 512K,   0% used [0x23940000, 0x23940000, 0x239c0000)
 tenured generation   total 10944K, used 8347K [0x289c0000, 0x29470000, 0x33470000)
   the space 10944K,  76% used [0x289c0000, 0x291e6c40, 0x291e6e00, 0x29470000)
 compacting perm gen  total 12288K, used 1304K [0x33470000, 0x34070000, 0x37470000)
   the space 12288K,  10% used [0x33470000, 0x335b60d0, 0x335b6200, 0x34070000)
    ro space 10240K,  45% used [0x37470000, 0x378f9b28, 0x378f9c00, 0x37e70000)
    rw space 12288K,  54% used [0x37e70000, 0x384fd0e8, 0x384fd200, 0x38a70000)
}

