# JRE version: 7.0_25-b17
# Java VM: Java HotSpot(TM) Client VM (23.25-b01 mixed mode windows-x86 )
Heap
 def new generation   total 4928K, used 2989K [0x03bb0000, 0x04100000, 0x09100000)
  eden space 4416K,  58% used [0x03bb0000, 0x03e311d0, 0x04000000)
  from space 512K,  83% used [0x04000000, 0x0406a540, 0x04080000)
  to   space 512K,   0% used [0x04080000, 0x04080000, 0x04100000)
 tenured generation   total 10944K, used 4090K [0x09100000, 0x09bb0000, 0x13bb0000)
   the space 10944K,  37% used [0x09100000, 0x094feb60, 0x094fec00, 0x09bb0000)
 compacting perm gen  total 12288K, used 6534K [0x13bb0000, 0x147b0000, 0x17bb0000)
   the space 12288K,  53% used [0x13bb0000, 0x14211b60, 0x14211c00, 0x147b0000)
GC Heap History (4 events):
Event: 1.219 GC heap before
{Heap before GC invocations=0 (full 0):
 def new generation   total 4928K, used 4097K [0x03bb0000, 0x04100000, 0x09100000)
  eden space 4416K,  92% used [0x03bb0000, 0x03fb0600, 0x04000000)
  from space 512K,   0% used [0x04000000, 0x04000000, 0x04080000)
  to   space 512K,   0% used [0x04080000, 0x04080000, 0x04100000)
 tenured generation   total 10944K, used 0K [0x09100000, 0x09bb0000, 0x13bb0000)
   the space 10944K,   0% used [0x09100000, 0x09100000, 0x09100200, 0x09bb0000)
 compacting perm gen  total 12288K, used 5627K [0x13bb0000, 0x147b0000, 0x17bb0000)
   the space 12288K,  45% used [0x13bb0000, 0x1412ee30, 0x1412f000, 0x147b0000)
No shared spaces configured.
Event: 1.227 GC heap after
Heap after GC invocations=1 (full 0):
 def new generation   total 4928K, used 512K [0x03bb0000, 0x04100000, 0x09100000)
  eden space 4416K,   0% used [0x03bb0000, 0x03bb0000, 0x04000000)
  from space 512K, 100% used [0x04080000, 0x04100000, 0x04100000)
  to   space 512K,   0% used [0x04000000, 0x04000000, 0x04080000)
 tenured generation   total 10944K, used 1277K [0x09100000, 0x09bb0000, 0x13bb0000)
   the space 10944K,  11% used [0x09100000, 0x0923f568, 0x0923f600, 0x09bb0000)
 compacting perm gen  total 12288K, used 5627K [0x13bb0000, 0x147b0000, 0x17bb0000)
   the space 12288K,  45% used [0x13bb0000, 0x1412ee30, 0x1412f000, 0x147b0000)
No shared spaces configured.
}
Event: 12.309 GC heap before
{Heap before GC invocations=1 (full 0):
 def new generation   total 4928K, used 4928K [0x03bb0000, 0x04100000, 0x09100000)
  eden space 4416K, 100% used [0x03bb0000, 0x04000000, 0x04000000)
  from space 512K, 100% used [0x04080000, 0x04100000, 0x04100000)
  to   space 512K,   0% used [0x04000000, 0x04000000, 0x04080000)
 tenured generation   total 10944K, used 1277K [0x09100000, 0x09bb0000, 0x13bb0000)
   the space 10944K,  11% used [0x09100000, 0x0923f568, 0x0923f600, 0x09bb0000)
 compacting perm gen  total 12288K, used 6493K [0x13bb0000, 0x147b0000, 0x17bb0000)
   the space 12288K,  52% used [0x13bb0000, 0x14207500, 0x14207600, 0x147b0000)
No shared spaces configured.
Event: 12.315 GC heap after
Heap after GC invocations=2 (full 0):
 def new generation   total 4928K, used 425K [0x03bb0000, 0x04100000, 0x09100000)
  eden space 4416K,   0% used [0x03bb0000, 0x03bb0000, 0x04000000)
  from space 512K,  83% used [0x04000000, 0x0406a540, 0x04080000)
  to   space 512K,   0% used [0x04080000, 0x04080000, 0x04100000)
 tenured generation   total 10944K, used 4090K [0x09100000, 0x09bb0000, 0x13bb0000)
   the space 10944K,  37% used [0x09100000, 0x094feb60, 0x094fec00, 0x09bb0000)
 compacting perm gen  total 12288K, used 6493K [0x13bb0000, 0x147b0000, 0x17bb0000)
   the space 12288K,  52% used [0x13bb0000, 0x14207500, 0x14207600, 0x147b0000)
No shared spaces configured.
}

